<?xml version="1.0" encoding="UTF-8"?>
<testng-results ignored="0" total="1" passed="1" failed="0" skipped="0">
  <reporter-output>
  </reporter-output>
  <suite started-at="2023-03-03T01:22:40 IST" name="Default suite" finished-at="2023-03-03T01:22:46 IST" duration-ms="6279">
    <groups>
    </groups>
    <test started-at="2023-03-03T01:22:40 IST" name="Default test" finished-at="2023-03-03T01:22:46 IST" duration-ms="6279">
      <class name="com.obsqura.TestNG.CheckBoxDemo">
        <test-method is-config="true" signature="initialiseBrowser()[pri:0, instance:com.obsqura.TestNG.CheckBoxDemo@505fc5a4]" started-at="2023-03-03T01:22:40 IST" name="initialiseBrowser" finished-at="2023-03-03T01:22:45 IST" duration-ms="5418" status="PASS">
          <reporter-output>
          </reporter-output>
        </test-method> <!-- initialiseBrowser -->
        <test-method signature="checkBoxDemo()[pri:0, instance:com.obsqura.TestNG.CheckBoxDemo@505fc5a4]" started-at="2023-03-03T01:22:45 IST" name="checkBoxDemo" finished-at="2023-03-03T01:22:46 IST" duration-ms="638" status="PASS">
          <reporter-output>
          </reporter-output>
        </test-method> <!-- checkBoxDemo -->
        <test-method is-config="true" signature="driverQuit()[pri:0, instance:com.obsqura.TestNG.CheckBoxDemo@505fc5a4]" started-at="2023-03-03T01:22:46 IST" name="driverQuit" finished-at="2023-03-03T01:22:46 IST" duration-ms="192" status="PASS">
          <reporter-output>
          </reporter-output>
        </test-method> <!-- driverQuit -->
      </class> <!-- com.obsqura.TestNG.CheckBoxDemo -->
    </test> <!-- Default test -->
  </suite> <!-- Default suite -->
</testng-results>
